#
# A fatal error has been detected by the Java Runtime Environment:
#
#  Internal Error (0xc000000d), pid=10304, tid=9544
#
# JRE version: OpenJDK Runtime Environment (18.0.2+9) (build 18.0.2+9-61)
# Java VM: OpenJDK 64-Bit Server VM (18.0.2+9-61, mixed mode, sharing, tiered, compressed oops, compressed class ptrs, g1 gc, windows-amd64)
# Problematic frame:
# C  [ntdll.dll+0x112324]
#
# No core dump will be written. Minidumps are not enabled by default on client versions of Windows
#
# If you would like to submit a bug report, please visit:
#   https://bugreport.java.com/bugreport/crash.jsp
#

---------------  S U M M A R Y ------------

Command Line: -Djava.library.path=C:\opencv\build\java\x64 -javaagent:C:\Program Files\JetBrains\IntelliJ IDEA Community Edition 2023.2.5\lib\idea_rt.jar=58643:C:\Program Files\JetBrains\IntelliJ IDEA Community Edition 2023.2.5\bin -Dfile.encoding=UTF-8 -Dsun.stdout.encoding=UTF-8 -Dsun.stderr.encoding=UTF-8 io.github.tkjonesy.App

Host: Intel(R) Core(TM) i7-8750H CPU @ 2.20GHz, 12 cores, 15G,  Windows 10 , 64 bit Build 19041 (10.0.19041.3636)
Time: Thu Nov  7 20:44:55 2024 Eastern Standard Time elapsed time: 68.004380 seconds (0d 0h 1m 8s)

---------------  T H R E A D  ---------------

Current thread (0x0000023b43b51470):  VMThread "VM Thread" [stack: 0x0000005e17b00000,0x0000005e17c00000] [id=9544]

Stack: [0x0000005e17b00000,0x0000005e17c00000],  sp=0x0000005e17bfe430,  free space=1017k
Native frames: (J=compiled Java code, j=interpreted, Vv=VM code, C=native code)
C  [ntdll.dll+0x112324]
C  [ntdll.dll+0xab181]
C  [KERNELBASE.dll+0x73c59]
C  [RTWorkQ.DLL+0x79cd]


siginfo: EXCEPTION_?? (0xc000000d)


Register to memory mapping:

RIP=0x00007ffce7162324 ntdll.dll
RAX=0x0 is NULL
RBX=0x0000023b6c76a8b0 points into unknown readable memory: 0x0000000000000000 | 00 00 00 00 00 00 00 00
RCX=0x0 is NULL
RDX=0x0 is NULL
RSP=0x0000005e17bfe430 points into unknown readable memory: 0x0000000000000057 | 57 00 00 00 00 00 00 00
RBP=0x00007ffcd85e8610 RTWorkQ.DLL
RSI=0x0000023b6c71d110 points into unknown readable memory: 0x0000000000000003 | 03 00 00 00 00 00 00 00
RDI=0x0 is NULL
R8 =0x0 is NULL
R9 =0x0 is NULL
R10=0x0 is NULL
R11=0x0 is NULL
R12=0x0000023b6c76a8b0 points into unknown readable memory: 0x0000000000000000 | 00 00 00 00 00 00 00 00
R13=0x00007ffc878db480 FrameServerClient.dll
R14=0x0000005e17bfe5c8 points into unknown readable memory: 0x0000000000000000 | 00 00 00 00 00 00 00 00
R15=0x00007ffcd85e8610 RTWorkQ.DLL


Registers:
RAX=0x0000000000000000, RBX=0x0000023b6c76a8b0, RCX=0x0000000000000000, RDX=0x0000000000000000
RSP=0x0000005e17bfe430, RBP=0x00007ffcd85e8610, RSI=0x0000023b6c71d110, RDI=0x0000000000000000
R8 =0x0000000000000000, R9 =0x0000000000000000, R10=0x0000000000000000, R11=0x0000000000000000
R12=0x0000023b6c76a8b0, R13=0x00007ffc878db480, R14=0x0000005e17bfe5c8, R15=0x00007ffcd85e8610
RIP=0x00007ffce7162324, EFLAGS=0x0000000000000206

Top of Stack: (sp=0x0000005e17bfe430)
0x0000005e17bfe430:   0000000000000057 0000023b6c76a8b0
0x0000005e17bfe440:   0000023b6c71d110 0000000000000000
0x0000005e17bfe450:   00000000c000000d 0000000000000000
0x0000005e17bfe460:   00007ffce7162324 0000000000000000
0x0000005e17bfe470:   0000000000000000 0000000000000000
0x0000005e17bfe480:   0000000000000000 0000000000000000
0x0000005e17bfe490:   0000000000000000 0000000000000000
0x0000005e17bfe4a0:   0000000000000000 0000000000000000
0x0000005e17bfe4b0:   0000000000000000 0000000000000000
0x0000005e17bfe4c0:   0000000000000000 0000000000000000
0x0000005e17bfe4d0:   0000000000000000 0000000000000000
0x0000005e17bfe4e0:   0000000000000000 0000000000000046
0x0000005e17bfe4f0:   0000700ce5e9dab1 0000005e09090101
0x0000005e17bfe500:   0000000300000000 00007ffce70fb181
0x0000005e17bfe510:   0000000000000a88 0000023b6c71d020
0x0000005e17bfe520:   00007ffc878db480 0000000000000a88 

Instructions: (pc=0x00007ffce7162324)
0x00007ffce7162224:   cc cc cc cc cc cc cc cc 48 81 ec d8 00 00 00 48
0x00007ffce7162234:   8b 05 d6 22 07 00 48 33 c4 48 89 84 24 c0 00 00
0x00007ffce7162244:   00 4d 85 c0 74 33 4d 8b 48 50 48 8d 05 6b 63 f6
0x00007ffce7162254:   ff c7 44 24 38 05 00 00 00 4c 3b c8 75 0a 49 8b
0x00007ffce7162264:   40 58 4c 8b 50 20 eb 03 45 33 d2 4d 85 d2 4d 0f
0x00007ffce7162274:   45 ca 4c 89 4c 24 60 eb 08 c7 44 24 38 04 00 00
0x00007ffce7162284:   00 48 83 64 24 28 00 48 83 64 24 58 00 48 63 c1
0x00007ffce7162294:   48 8d 4c 24 20 48 89 44 24 40 c7 44 24 20 0a 07
0x00007ffce71622a4:   00 c0 48 89 54 24 48 4c 89 44 24 50 c7 44 24 24
0x00007ffce71622b4:   01 00 00 00 e8 73 ed f3 ff 48 8b 8c 24 c0 00 00
0x00007ffce71622c4:   00 48 33 cc e8 03 a2 f7 ff 48 81 c4 d8 00 00 00
0x00007ffce71622d4:   c3 cc cc cc cc cc cc cc 48 81 ec d8 00 00 00 48
0x00007ffce71622e4:   8b 05 26 22 07 00 48 33 c4 48 89 84 24 c0 00 00
0x00007ffce71622f4:   00 33 d2 41 b8 94 00 00 00 48 8d 4c 24 24 e8 f9
0x00007ffce7162304:   1d f9 ff c7 44 24 20 0d 00 00 c0 b9 57 00 00 00
0x00007ffce7162314:   e8 67 e4 f3 ff 90 48 8d 4c 24 20 e8 0c ed f3 ff
0x00007ffce7162324:   eb 00 48 8b 8c 24 c0 00 00 00 48 33 cc e8 9a a1
0x00007ffce7162334:   f7 ff 48 81 c4 d8 00 00 00 c3 cc 40 55 48 83 ec
0x00007ffce7162344:   20 48 8b ea e8 0f 00 00 00 90 48 83 c4 20 5d c3
0x00007ffce7162354:   cc cc cc cc cc cc cc cc 48 83 ec 28 48 8b 51 08
0x00007ffce7162364:   41 b8 03 00 00 00 48 8b 09 e8 4e a5 fc ff 33 c0
0x00007ffce7162374:   48 83 c4 28 c3 cc cc cc cc cc cc cc 48 8b 01 48
0x00007ffce7162384:   83 c9 ff 8b 10 e9 c2 b1 f8 ff cc cc cc cc cc cc
0x00007ffce7162394:   4c 8b dc 48 81 ec 88 00 00 00 48 8b 05 6b 21 07
0x00007ffce71623a4:   00 48 33 c4 48 89 44 24 70 48 8b 84 24 b0 00 00
0x00007ffce71623b4:   00 41 ba 24 1c 00 00 49 89 43 d8 8b 84 24 b8 00
0x00007ffce71623c4:   00 00 66 45 89 53 9e 49 89 4b b8 49 89 53 c0 4d
0x00007ffce71623d4:   89 43 c8 4d 89 4b d0 89 44 24 68 e8 6c 24 f1 ff
0x00007ffce71623e4:   85 c0 74 19 65 48 8b 04 25 60 00 00 00 48 8b 88
0x00007ffce71623f4:   90 00 00 00 48 81 c1 2c 02 00 00 eb 05 b9 86 03
0x00007ffce7162404:   fe 7f 0f b6 09 4c 8d 4c 24 20 ba 03 04 00 00 41
0x00007ffce7162414:   b8 2c 00 00 00 e8 62 b7 f8 ff 48 8b 4c 24 70 48 


Stack slot to memory mapping:
stack at sp + 0 slots: 0x0000000000000057 is an unknown value
stack at sp + 1 slots: 0x0000023b6c76a8b0 points into unknown readable memory: 0x0000000000000000 | 00 00 00 00 00 00 00 00
stack at sp + 2 slots: 0x0000023b6c71d110 points into unknown readable memory: 0x0000000000000003 | 03 00 00 00 00 00 00 00
stack at sp + 3 slots: 0x0 is NULL
stack at sp + 4 slots: 0x00000000c000000d is an unknown value
stack at sp + 5 slots: 0x0 is NULL
stack at sp + 6 slots: 0x00007ffce7162324 ntdll.dll
stack at sp + 7 slots: 0x0 is NULL

VM_Operation (0x0000005e18cfeb50): Exit, mode: safepoint, requested by thread 0x0000023b6bb222a0


---------------  P R O C E S S  ---------------

Threads class SMR info:
_java_thread_list=0x0000023b6bd8e350, length=18, elements={
0x0000023b66973b80, 0x0000023b669757f0, 0x0000023b66988d10, 0x0000023b6698a6c0,
0x0000023b6698b060, 0x0000023b6698ba00, 0x0000023b6698c810, 0x0000023b6698e070,
0x0000023b6698e7a0, 0x0000023b6ac88640, 0x0000023b6ad373f0, 0x0000023b6ad380c0,
0x0000023b6af236d0, 0x0000023b6af61e30, 0x0000023b6bb222a0, 0x0000023b43ab8940,
0x0000023b6bc76e00, 0x0000023b6beb1fa0
}

Java Threads: ( => current thread )
  0x0000023b66973b80 JavaThread "Reference Handler" daemon [_thread_blocked, id=18212, stack(0x0000005e17c00000,0x0000005e17d00000)]
  0x0000023b669757f0 JavaThread "Finalizer" daemon [_thread_blocked, id=18248, stack(0x0000005e17d00000,0x0000005e17e00000)]
  0x0000023b66988d10 JavaThread "Signal Dispatcher" daemon [_thread_blocked, id=3552, stack(0x0000005e17e00000,0x0000005e17f00000)]
  0x0000023b6698a6c0 JavaThread "Attach Listener" daemon [_thread_blocked, id=16452, stack(0x0000005e17f00000,0x0000005e18000000)]
  0x0000023b6698b060 JavaThread "Service Thread" daemon [_thread_blocked, id=6284, stack(0x0000005e18000000,0x0000005e18100000)]
  0x0000023b6698ba00 JavaThread "Monitor Deflation Thread" daemon [_thread_blocked, id=15692, stack(0x0000005e18100000,0x0000005e18200000)]
  0x0000023b6698c810 JavaThread "C2 CompilerThread0" daemon [_thread_blocked, id=12624, stack(0x0000005e18200000,0x0000005e18300000)]
  0x0000023b6698e070 JavaThread "C1 CompilerThread0" daemon [_thread_blocked, id=8212, stack(0x0000005e18300000,0x0000005e18400000)]
  0x0000023b6698e7a0 JavaThread "Sweeper thread" daemon [_thread_blocked, id=7784, stack(0x0000005e18400000,0x0000005e18500000)]
  0x0000023b6ac88640 JavaThread "Common-Cleaner" daemon [_thread_blocked, id=2936, stack(0x0000005e18500000,0x0000005e18600000)]
  0x0000023b6ad373f0 JavaThread "Monitor Ctrl-Break" daemon [_thread_in_native, id=1208, stack(0x0000005e18600000,0x0000005e18700000)]
  0x0000023b6ad380c0 JavaThread "Notification Thread" daemon [_thread_blocked, id=1032, stack(0x0000005e18700000,0x0000005e18800000)]
  0x0000023b6af236d0 JavaThread "Java2D Disposer" daemon [_thread_blocked, id=11028, stack(0x0000005e18900000,0x0000005e18a00000)]
  0x0000023b6af61e30 JavaThread "AWT-Shutdown" [_thread_blocked, id=18412, stack(0x0000005e18a00000,0x0000005e18b00000)]
  0x0000023b6bb222a0 JavaThread "AWT-EventQueue-0" [_thread_blocked, id=16248, stack(0x0000005e18c00000,0x0000005e18d00000)]
  0x0000023b43ab8940 JavaThread "DestroyJavaVM" [_thread_blocked, id=18116, stack(0x0000005e17500000,0x0000005e17600000)]
  0x0000023b6bc76e00 JavaThread "TimerQueue" daemon [_thread_blocked, id=6940, stack(0x0000005e19200000,0x0000005e19300000)]
  0x0000023b6beb1fa0 JavaThread "Timer-0" [_thread_blocked, id=16700, stack(0x0000005e19900000,0x0000005e19a00000)]

Other Threads:
=>0x0000023b43b51470 VMThread "VM Thread" [stack: 0x0000005e17b00000,0x0000005e17c00000] [id=9544]
  0x0000023b43b27410 WorkerThread "GC Thread#0" [stack: 0x0000005e17600000,0x0000005e17700000] [id=17468]
  0x0000023b6bf2bc00 WorkerThread "GC Thread#1" [stack: 0x0000005e19a00000,0x0000005e19b00000] [id=13600]
  0x0000023b6bf2bea0 WorkerThread "GC Thread#2" [stack: 0x0000005e19b00000,0x0000005e19c00000] [id=7156]
  0x0000023b6bf2d100 WorkerThread "GC Thread#3" [stack: 0x0000005e19c00000,0x0000005e19d00000] [id=4012]
  0x0000023b6bf2ce60 WorkerThread "GC Thread#4" [stack: 0x0000005e19d00000,0x0000005e19e00000] [id=4004]
  0x0000023b6bf2b6c0 WorkerThread "GC Thread#5" [stack: 0x0000005e19e00000,0x0000005e19f00000] [id=16588]
  0x0000023b6bf2b420 WorkerThread "GC Thread#6" [stack: 0x0000005e19f00000,0x0000005e1a000000] [id=15936]
  0x0000023b6bf2c140 WorkerThread "GC Thread#7" [stack: 0x0000005e1a000000,0x0000005e1a100000] [id=11440]
  0x0000023b6bf2cbc0 WorkerThread "GC Thread#8" [stack: 0x0000005e1a100000,0x0000005e1a200000] [id=17452]
  0x0000023b6bf2b960 WorkerThread "GC Thread#9" [stack: 0x0000005e1a200000,0x0000005e1a300000] [id=11164]
  0x0000023b43b37c40 ConcurrentGCThread "G1 Main Marker" terminated
  0x0000023b43b39640 WorkerThread "G1 Conc#0" [stack: 0x0000005e17800000,0x0000005e17900000] [id=6296]
  0x0000023b43b7e650 ConcurrentGCThread "G1 Refine#0" terminated
  0x0000023b66827130 ConcurrentGCThread "G1 Service" terminated

Threads with active compile tasks:

VM state: at safepoint (shutting down)

VM Mutex/Monitor currently owned by a thread:  ([mutex/lock_event])
[0x0000023b43ab5530] Threads_lock - owner thread: 0x0000023b43b51470
[0x0000023b43ab5890] Heap_lock - owner thread: 0x0000023b6bb222a0

Heap address: 0x0000000707000000, size: 3984 MB, Compressed Oops mode: Zero based, Oop shift amount: 3

CDS archive(s) mapped at: [0x0000000800000000-0x0000000800ba0000-0x0000000800ba0000), size 12189696, SharedBaseAddress: 0x0000000800000000, ArchiveRelocationMode: 0.
Compressed class space mapped at: 0x0000000800c00000-0x0000000840c00000, reserved size: 1073741824
Narrow klass base: 0x0000000800000000, Narrow klass shift: 0, Narrow klass range: 0x100000000

GC Precious Log:
 CardTable entry size: 512
 Card Set container configuration: InlinePtr #cards 4 size 8 Array Of Cards #cards 16 size 48 Howl #buckets 8 coarsen threshold 3686 Howl Bitmap #cards 512 size 80 coarsen threshold 460 Card regions per heap region 1 cards per card region 4096
 CPUs: 12 total, 12 available
 Memory: 15930M
 Large Page Support: Disabled
 NUMA Support: Disabled
 Compressed Oops: Enabled (Zero based)
 Heap Region Size: 2M
 Heap Min Capacity: 8M
 Heap Initial Capacity: 250M
 Heap Max Capacity: 3984M
 Pre-touch: Disabled
 Parallel Workers: 10
 Concurrent Workers: 3
 Concurrent Refinement Workers: 10
 Periodic GC: Disabled

Heap:
 garbage-first heap   total 256000K, used 85965K [0x0000000707000000, 0x0000000800000000)
  region size 2048K, 42 young (86016K), 1 survivors (2048K)
 Metaspace       used 11027K, committed 11264K, reserved 1114112K
  class space    used 1142K, committed 1280K, reserved 1048576K

Heap Regions: E=young(eden), S=young(survivor), O=old, HS=humongous(starts), HC=humongous(continues), CS=collection set, F=free, OA=open archive, CA=closed archive, TAMS=top-at-mark-start (previous, next)
|   0|0x0000000707000000, 0x0000000707200000, 0x0000000707200000|100%|HS|  |TAMS 0x0000000707000000, 0x0000000707000000| Complete 
|   1|0x0000000707200000, 0x0000000707400000, 0x0000000707400000|100%| O|  |TAMS 0x0000000707200000, 0x0000000707200000| Untracked 
|   2|0x0000000707400000, 0x0000000707538a00, 0x0000000707600000| 61%| O|  |TAMS 0x0000000707400000, 0x0000000707400000| Untracked 
|   3|0x0000000707600000, 0x0000000707600000, 0x0000000707800000|  0%| F|  |TAMS 0x0000000707600000, 0x0000000707600000| Untracked 
|   4|0x0000000707800000, 0x0000000707800000, 0x0000000707a00000|  0%| F|  |TAMS 0x0000000707800000, 0x0000000707800000| Untracked 
|   5|0x0000000707a00000, 0x0000000707a00000, 0x0000000707c00000|  0%| F|  |TAMS 0x0000000707a00000, 0x0000000707a00000| Untracked 
|   6|0x0000000707c00000, 0x0000000707c00000, 0x0000000707e00000|  0%| F|  |TAMS 0x0000000707c00000, 0x0000000707c00000| Untracked 
|   7|0x0000000707e00000, 0x0000000707e00000, 0x0000000708000000|  0%| F|  |TAMS 0x0000000707e00000, 0x0000000707e00000| Untracked 
|   8|0x0000000708000000, 0x0000000708000000, 0x0000000708200000|  0%| F|  |TAMS 0x0000000708000000, 0x0000000708000000| Untracked 
|   9|0x0000000708200000, 0x0000000708200000, 0x0000000708400000|  0%| F|  |TAMS 0x0000000708200000, 0x0000000708200000| Untracked 
|  10|0x0000000708400000, 0x0000000708400000, 0x0000000708600000|  0%| F|  |TAMS 0x0000000708400000, 0x0000000708400000| Untracked 
|  11|0x0000000708600000, 0x0000000708600000, 0x0000000708800000|  0%| F|  |TAMS 0x0000000708600000, 0x0000000708600000| Untracked 
|  12|0x0000000708800000, 0x0000000708800000, 0x0000000708a00000|  0%| F|  |TAMS 0x0000000708800000, 0x0000000708800000| Untracked 
|  13|0x0000000708a00000, 0x0000000708a00000, 0x0000000708c00000|  0%| F|  |TAMS 0x0000000708a00000, 0x0000000708a00000| Untracked 
|  14|0x0000000708c00000, 0x0000000708c00000, 0x0000000708e00000|  0%| F|  |TAMS 0x0000000708c00000, 0x0000000708c00000| Untracked 
|  15|0x0000000708e00000, 0x0000000708e00000, 0x0000000709000000|  0%| F|  |TAMS 0x0000000708e00000, 0x0000000708e00000| Untracked 
|  16|0x0000000709000000, 0x0000000709000000, 0x0000000709200000|  0%| F|  |TAMS 0x0000000709000000, 0x0000000709000000| Untracked 
|  17|0x0000000709200000, 0x0000000709200000, 0x0000000709400000|  0%| F|  |TAMS 0x0000000709200000, 0x0000000709200000| Untracked 
|  18|0x0000000709400000, 0x0000000709400000, 0x0000000709600000|  0%| F|  |TAMS 0x0000000709400000, 0x0000000709400000| Untracked 
|  19|0x0000000709600000, 0x0000000709600000, 0x0000000709800000|  0%| F|  |TAMS 0x0000000709600000, 0x0000000709600000| Untracked 
|  20|0x0000000709800000, 0x0000000709800000, 0x0000000709a00000|  0%| F|  |TAMS 0x0000000709800000, 0x0000000709800000| Untracked 
|  21|0x0000000709a00000, 0x0000000709a00000, 0x0000000709c00000|  0%| F|  |TAMS 0x0000000709a00000, 0x0000000709a00000| Untracked 
|  22|0x0000000709c00000, 0x0000000709c00000, 0x0000000709e00000|  0%| F|  |TAMS 0x0000000709c00000, 0x0000000709c00000| Untracked 
|  23|0x0000000709e00000, 0x0000000709e00000, 0x000000070a000000|  0%| F|  |TAMS 0x0000000709e00000, 0x0000000709e00000| Untracked 
|  24|0x000000070a000000, 0x000000070a000000, 0x000000070a200000|  0%| F|  |TAMS 0x000000070a000000, 0x000000070a000000| Untracked 
|  25|0x000000070a200000, 0x000000070a200000, 0x000000070a400000|  0%| F|  |TAMS 0x000000070a200000, 0x000000070a200000| Untracked 
|  26|0x000000070a400000, 0x000000070a400000, 0x000000070a600000|  0%| F|  |TAMS 0x000000070a400000, 0x000000070a400000| Untracked 
|  27|0x000000070a600000, 0x000000070a600000, 0x000000070a800000|  0%| F|  |TAMS 0x000000070a600000, 0x000000070a600000| Untracked 
|  28|0x000000070a800000, 0x000000070a800000, 0x000000070aa00000|  0%| F|  |TAMS 0x000000070a800000, 0x000000070a800000| Untracked 
|  29|0x000000070aa00000, 0x000000070aa00000, 0x000000070ac00000|  0%| F|  |TAMS 0x000000070aa00000, 0x000000070aa00000| Untracked 
|  30|0x000000070ac00000, 0x000000070ac00000, 0x000000070ae00000|  0%| F|  |TAMS 0x000000070ac00000, 0x000000070ac00000| Untracked 
|  31|0x000000070ae00000, 0x000000070ae00000, 0x000000070b000000|  0%| F|  |TAMS 0x000000070ae00000, 0x000000070ae00000| Untracked 
|  32|0x000000070b000000, 0x000000070b000000, 0x000000070b200000|  0%| F|  |TAMS 0x000000070b000000, 0x000000070b000000| Untracked 
|  33|0x000000070b200000, 0x000000070b200000, 0x000000070b400000|  0%| F|  |TAMS 0x000000070b200000, 0x000000070b200000| Untracked 
|  34|0x000000070b400000, 0x000000070b400000, 0x000000070b600000|  0%| F|  |TAMS 0x000000070b400000, 0x000000070b400000| Untracked 
|  35|0x000000070b600000, 0x000000070b600000, 0x000000070b800000|  0%| F|  |TAMS 0x000000070b600000, 0x000000070b600000| Untracked 
|  36|0x000000070b800000, 0x000000070b800000, 0x000000070ba00000|  0%| F|  |TAMS 0x000000070b800000, 0x000000070b800000| Untracked 
|  37|0x000000070ba00000, 0x000000070ba00000, 0x000000070bc00000|  0%| F|  |TAMS 0x000000070ba00000, 0x000000070ba00000| Untracked 
|  38|0x000000070bc00000, 0x000000070bc00000, 0x000000070be00000|  0%| F|  |TAMS 0x000000070bc00000, 0x000000070bc00000| Untracked 
|  39|0x000000070be00000, 0x000000070be00000, 0x000000070c000000|  0%| F|  |TAMS 0x000000070be00000, 0x000000070be00000| Untracked 
|  40|0x000000070c000000, 0x000000070c000000, 0x000000070c200000|  0%| F|  |TAMS 0x000000070c000000, 0x000000070c000000| Untracked 
|  41|0x000000070c200000, 0x000000070c200000, 0x000000070c400000|  0%| F|  |TAMS 0x000000070c200000, 0x000000070c200000| Untracked 
|  42|0x000000070c400000, 0x000000070c400000, 0x000000070c600000|  0%| F|  |TAMS 0x000000070c400000, 0x000000070c400000| Untracked 
|  43|0x000000070c600000, 0x000000070c600000, 0x000000070c800000|  0%| F|  |TAMS 0x000000070c600000, 0x000000070c600000| Untracked 
|  44|0x000000070c800000, 0x000000070c800000, 0x000000070ca00000|  0%| F|  |TAMS 0x000000070c800000, 0x000000070c800000| Untracked 
|  45|0x000000070ca00000, 0x000000070ca00000, 0x000000070cc00000|  0%| F|  |TAMS 0x000000070ca00000, 0x000000070ca00000| Untracked 
|  46|0x000000070cc00000, 0x000000070cc00000, 0x000000070ce00000|  0%| F|  |TAMS 0x000000070cc00000, 0x000000070cc00000| Untracked 
|  47|0x000000070ce00000, 0x000000070ce00000, 0x000000070d000000|  0%| F|  |TAMS 0x000000070ce00000, 0x000000070ce00000| Untracked 
|  48|0x000000070d000000, 0x000000070d000000, 0x000000070d200000|  0%| F|  |TAMS 0x000000070d000000, 0x000000070d000000| Untracked 
|  49|0x000000070d200000, 0x000000070d2bad50, 0x000000070d400000| 36%| S|CS|TAMS 0x000000070d200000, 0x000000070d200000| Complete 
|  50|0x000000070d400000, 0x000000070d400000, 0x000000070d600000|  0%| F|  |TAMS 0x000000070d400000, 0x000000070d400000| Untracked 
|  51|0x000000070d600000, 0x000000070d600000, 0x000000070d800000|  0%| F|  |TAMS 0x000000070d600000, 0x000000070d600000| Untracked 
|  52|0x000000070d800000, 0x000000070d800000, 0x000000070da00000|  0%| F|  |TAMS 0x000000070d800000, 0x000000070d800000| Untracked 
|  53|0x000000070da00000, 0x000000070da00000, 0x000000070dc00000|  0%| F|  |TAMS 0x000000070da00000, 0x000000070da00000| Untracked 
|  54|0x000000070dc00000, 0x000000070dc00000, 0x000000070de00000|  0%| F|  |TAMS 0x000000070dc00000, 0x000000070dc00000| Untracked 
|  55|0x000000070de00000, 0x000000070de00000, 0x000000070e000000|  0%| F|  |TAMS 0x000000070de00000, 0x000000070de00000| Untracked 
|  56|0x000000070e000000, 0x000000070e000000, 0x000000070e200000|  0%| F|  |TAMS 0x000000070e000000, 0x000000070e000000| Untracked 
|  57|0x000000070e200000, 0x000000070e200000, 0x000000070e400000|  0%| F|  |TAMS 0x000000070e200000, 0x000000070e200000| Untracked 
|  58|0x000000070e400000, 0x000000070e400000, 0x000000070e600000|  0%| F|  |TAMS 0x000000070e400000, 0x000000070e400000| Untracked 
|  59|0x000000070e600000, 0x000000070e600000, 0x000000070e800000|  0%| F|  |TAMS 0x000000070e600000, 0x000000070e600000| Untracked 
|  60|0x000000070e800000, 0x000000070e800000, 0x000000070ea00000|  0%| F|  |TAMS 0x000000070e800000, 0x000000070e800000| Untracked 
|  61|0x000000070ea00000, 0x000000070ea00000, 0x000000070ec00000|  0%| F|  |TAMS 0x000000070ea00000, 0x000000070ea00000| Untracked 
|  62|0x000000070ec00000, 0x000000070ec00000, 0x000000070ee00000|  0%| F|  |TAMS 0x000000070ec00000, 0x000000070ec00000| Untracked 
|  63|0x000000070ee00000, 0x000000070ee00000, 0x000000070f000000|  0%| F|  |TAMS 0x000000070ee00000, 0x000000070ee00000| Untracked 
|  64|0x000000070f000000, 0x000000070f000000, 0x000000070f200000|  0%| F|  |TAMS 0x000000070f000000, 0x000000070f000000| Untracked 
|  65|0x000000070f200000, 0x000000070f200000, 0x000000070f400000|  0%| F|  |TAMS 0x000000070f200000, 0x000000070f200000| Untracked 
|  66|0x000000070f400000, 0x000000070f400000, 0x000000070f600000|  0%| F|  |TAMS 0x000000070f400000, 0x000000070f400000| Untracked 
|  67|0x000000070f600000, 0x000000070f600000, 0x000000070f800000|  0%| F|  |TAMS 0x000000070f600000, 0x000000070f600000| Untracked 
|  68|0x000000070f800000, 0x000000070f800000, 0x000000070fa00000|  0%| F|  |TAMS 0x000000070f800000, 0x000000070f800000| Untracked 
|  69|0x000000070fa00000, 0x000000070fa00000, 0x000000070fc00000|  0%| F|  |TAMS 0x000000070fa00000, 0x000000070fa00000| Untracked 
|  70|0x000000070fc00000, 0x000000070fc00000, 0x000000070fe00000|  0%| F|  |TAMS 0x000000070fc00000, 0x000000070fc00000| Untracked 
|  71|0x000000070fe00000, 0x000000070fe00000, 0x0000000710000000|  0%| F|  |TAMS 0x000000070fe00000, 0x000000070fe00000| Untracked 
|  72|0x0000000710000000, 0x0000000710000000, 0x0000000710200000|  0%| F|  |TAMS 0x0000000710000000, 0x0000000710000000| Untracked 
|  73|0x0000000710200000, 0x0000000710200000, 0x0000000710400000|  0%| F|  |TAMS 0x0000000710200000, 0x0000000710200000| Untracked 
|  74|0x0000000710400000, 0x0000000710400000, 0x0000000710600000|  0%| F|  |TAMS 0x0000000710400000, 0x0000000710400000| Untracked 
|  75|0x0000000710600000, 0x0000000710600000, 0x0000000710800000|  0%| F|  |TAMS 0x0000000710600000, 0x0000000710600000| Untracked 
|  76|0x0000000710800000, 0x0000000710800000, 0x0000000710a00000|  0%| F|  |TAMS 0x0000000710800000, 0x0000000710800000| Untracked 
|  77|0x0000000710a00000, 0x0000000710a00000, 0x0000000710c00000|  0%| F|  |TAMS 0x0000000710a00000, 0x0000000710a00000| Untracked 
|  78|0x0000000710c00000, 0x0000000710c00000, 0x0000000710e00000|  0%| F|  |TAMS 0x0000000710c00000, 0x0000000710c00000| Untracked 
|  79|0x0000000710e00000, 0x0000000710e00000, 0x0000000711000000|  0%| F|  |TAMS 0x0000000710e00000, 0x0000000710e00000| Untracked 
|  80|0x0000000711000000, 0x0000000711000000, 0x0000000711200000|  0%| F|  |TAMS 0x0000000711000000, 0x0000000711000000| Untracked 
|  81|0x0000000711200000, 0x0000000711200000, 0x0000000711400000|  0%| F|  |TAMS 0x0000000711200000, 0x0000000711200000| Untracked 
|  82|0x0000000711400000, 0x0000000711400000, 0x0000000711600000|  0%| F|  |TAMS 0x0000000711400000, 0x0000000711400000| Untracked 
|  83|0x0000000711600000, 0x0000000711600000, 0x0000000711800000|  0%| F|  |TAMS 0x0000000711600000, 0x0000000711600000| Untracked 
|  84|0x0000000711800000, 0x0000000711951860, 0x0000000711a00000| 65%| E|  |TAMS 0x0000000711800000, 0x0000000711800000| Complete 
|  85|0x0000000711a00000, 0x0000000711c00000, 0x0000000711c00000|100%| E|CS|TAMS 0x0000000711a00000, 0x0000000711a00000| Complete 
|  86|0x0000000711c00000, 0x0000000711e00000, 0x0000000711e00000|100%| E|CS|TAMS 0x0000000711c00000, 0x0000000711c00000| Complete 
|  87|0x0000000711e00000, 0x0000000712000000, 0x0000000712000000|100%| E|CS|TAMS 0x0000000711e00000, 0x0000000711e00000| Complete 
|  88|0x0000000712000000, 0x0000000712200000, 0x0000000712200000|100%| E|CS|TAMS 0x0000000712000000, 0x0000000712000000| Complete 
|  89|0x0000000712200000, 0x0000000712400000, 0x0000000712400000|100%| E|CS|TAMS 0x0000000712200000, 0x0000000712200000| Complete 
|  90|0x0000000712400000, 0x0000000712600000, 0x0000000712600000|100%| E|  |TAMS 0x0000000712400000, 0x0000000712400000| Complete 
|  91|0x0000000712600000, 0x0000000712800000, 0x0000000712800000|100%| E|CS|TAMS 0x0000000712600000, 0x0000000712600000| Complete 
|  92|0x0000000712800000, 0x0000000712a00000, 0x0000000712a00000|100%| E|CS|TAMS 0x0000000712800000, 0x0000000712800000| Complete 
|  93|0x0000000712a00000, 0x0000000712c00000, 0x0000000712c00000|100%| E|CS|TAMS 0x0000000712a00000, 0x0000000712a00000| Complete 
|  94|0x0000000712c00000, 0x0000000712e00000, 0x0000000712e00000|100%| E|CS|TAMS 0x0000000712c00000, 0x0000000712c00000| Complete 
|  95|0x0000000712e00000, 0x0000000713000000, 0x0000000713000000|100%| E|CS|TAMS 0x0000000712e00000, 0x0000000712e00000| Complete 
|  96|0x0000000713000000, 0x0000000713200000, 0x0000000713200000|100%| E|CS|TAMS 0x0000000713000000, 0x0000000713000000| Complete 
|  97|0x0000000713200000, 0x0000000713400000, 0x0000000713400000|100%| E|CS|TAMS 0x0000000713200000, 0x0000000713200000| Complete 
|  98|0x0000000713400000, 0x0000000713600000, 0x0000000713600000|100%| E|CS|TAMS 0x0000000713400000, 0x0000000713400000| Complete 
|  99|0x0000000713600000, 0x0000000713800000, 0x0000000713800000|100%| E|CS|TAMS 0x0000000713600000, 0x0000000713600000| Complete 
| 100|0x0000000713800000, 0x0000000713a00000, 0x0000000713a00000|100%| E|CS|TAMS 0x0000000713800000, 0x0000000713800000| Complete 
| 101|0x0000000713a00000, 0x0000000713c00000, 0x0000000713c00000|100%| E|CS|TAMS 0x0000000713a00000, 0x0000000713a00000| Complete 
| 102|0x0000000713c00000, 0x0000000713e00000, 0x0000000713e00000|100%| E|CS|TAMS 0x0000000713c00000, 0x0000000713c00000| Complete 
| 103|0x0000000713e00000, 0x0000000714000000, 0x0000000714000000|100%| E|CS|TAMS 0x0000000713e00000, 0x0000000713e00000| Complete 
| 104|0x0000000714000000, 0x0000000714200000, 0x0000000714200000|100%| E|CS|TAMS 0x0000000714000000, 0x0000000714000000| Complete 
| 105|0x0000000714200000, 0x0000000714400000, 0x0000000714400000|100%| E|CS|TAMS 0x0000000714200000, 0x0000000714200000| Complete 
| 106|0x0000000714400000, 0x0000000714600000, 0x0000000714600000|100%| E|CS|TAMS 0x0000000714400000, 0x0000000714400000| Complete 
| 107|0x0000000714600000, 0x0000000714800000, 0x0000000714800000|100%| E|CS|TAMS 0x0000000714600000, 0x0000000714600000| Complete 
| 108|0x0000000714800000, 0x0000000714a00000, 0x0000000714a00000|100%| E|CS|TAMS 0x0000000714800000, 0x0000000714800000| Complete 
| 109|0x0000000714a00000, 0x0000000714c00000, 0x0000000714c00000|100%| E|CS|TAMS 0x0000000714a00000, 0x0000000714a00000| Complete 
| 110|0x0000000714c00000, 0x0000000714e00000, 0x0000000714e00000|100%| E|CS|TAMS 0x0000000714c00000, 0x0000000714c00000| Complete 
| 111|0x0000000714e00000, 0x0000000715000000, 0x0000000715000000|100%| E|CS|TAMS 0x0000000714e00000, 0x0000000714e00000| Complete 
| 112|0x0000000715000000, 0x0000000715200000, 0x0000000715200000|100%| E|CS|TAMS 0x0000000715000000, 0x0000000715000000| Complete 
| 113|0x0000000715200000, 0x0000000715400000, 0x0000000715400000|100%| E|CS|TAMS 0x0000000715200000, 0x0000000715200000| Complete 
| 114|0x0000000715400000, 0x0000000715600000, 0x0000000715600000|100%| E|CS|TAMS 0x0000000715400000, 0x0000000715400000| Complete 
| 115|0x0000000715600000, 0x0000000715800000, 0x0000000715800000|100%| E|CS|TAMS 0x0000000715600000, 0x0000000715600000| Complete 
| 116|0x0000000715800000, 0x0000000715a00000, 0x0000000715a00000|100%| E|CS|TAMS 0x0000000715800000, 0x0000000715800000| Complete 
| 117|0x0000000715a00000, 0x0000000715c00000, 0x0000000715c00000|100%| E|CS|TAMS 0x0000000715a00000, 0x0000000715a00000| Complete 
| 118|0x0000000715c00000, 0x0000000715e00000, 0x0000000715e00000|100%| E|CS|TAMS 0x0000000715c00000, 0x0000000715c00000| Complete 
| 119|0x0000000715e00000, 0x0000000716000000, 0x0000000716000000|100%| E|CS|TAMS 0x0000000715e00000, 0x0000000715e00000| Complete 
| 120|0x0000000716000000, 0x0000000716200000, 0x0000000716200000|100%| E|CS|TAMS 0x0000000716000000, 0x0000000716000000| Complete 
| 121|0x0000000716200000, 0x0000000716400000, 0x0000000716400000|100%| E|CS|TAMS 0x0000000716200000, 0x0000000716200000| Complete 
| 122|0x0000000716400000, 0x0000000716600000, 0x0000000716600000|100%| E|CS|TAMS 0x0000000716400000, 0x0000000716400000| Complete 
| 123|0x0000000716600000, 0x0000000716800000, 0x0000000716800000|100%| E|CS|TAMS 0x0000000716600000, 0x0000000716600000| Complete 
| 124|0x0000000716800000, 0x0000000716a00000, 0x0000000716a00000|100%| E|CS|TAMS 0x0000000716800000, 0x0000000716800000| Complete 

Card table byte_map: [0x0000023b5b130000,0x0000023b5b900000] _byte_map_base: 0x0000023b578f8000

Marking Bits (Prev, Next): (CMBitMap*) 0x0000023b43b27a10, (CMBitMap*) 0x0000023b43b27a50
 Prev Bits: [0x0000023b5c0d0000, 0x0000023b5ff10000)
 Next Bits: [0x0000023b5ff10000, 0x0000023b63d50000)

Polling page: 0x0000023b43280000

Metaspace:

Usage:
  Non-class:      9.65 MB used.
      Class:      1.12 MB used.
       Both:     10.77 MB used.

Virtual space:
  Non-class space:       64.00 MB reserved,       9.75 MB ( 15%) committed,  1 nodes.
      Class space:        1.00 GB reserved,       1.25 MB ( <1%) committed,  1 nodes.
             Both:        1.06 GB reserved,      11.00 MB (  1%) committed. 

Chunk freelists:
   Non-Class:  2.28 MB
       Class:  2.73 MB
        Both:  5.01 MB

MaxMetaspaceSize: unlimited
CompressedClassSpaceSize: 1.00 GB
Initial GC threshold: 21.00 MB
Current GC threshold: 21.00 MB
CDS: on
MetaspaceReclaimPolicy: balanced
 - commit_granule_bytes: 65536.
 - commit_granule_words: 8192.
 - virtual_space_node_default_size: 8388608.
 - enlarge_chunks_in_place: 1.
 - new_chunks_are_fully_committed: 0.
 - uncommit_free_chunks: 1.
 - use_allocation_guard: 0.


Internal statistics:

num_allocs_failed_limit: 0.
num_arena_births: 148.
num_arena_deaths: 0.
num_vsnodes_births: 2.
num_vsnodes_deaths: 0.
num_space_committed: 176.
num_space_uncommitted: 0.
num_chunks_returned_to_freelist: 0.
num_chunks_taken_from_freelist: 211.
num_chunk_merges: 0.
num_chunk_splits: 129.
num_chunks_enlarged: 80.
num_inconsistent_stats: 0.

CodeHeap 'non-profiled nmethods': size=120000Kb used=812Kb max_used=812Kb free=119187Kb
 bounds [0x0000023b52ec0000, 0x0000023b53130000, 0x0000023b5a3f0000]
CodeHeap 'profiled nmethods': size=120000Kb used=3571Kb max_used=3571Kb free=116428Kb
 bounds [0x0000023b4b990000, 0x0000023b4bd10000, 0x0000023b52ec0000]
CodeHeap 'non-nmethods': size=5760Kb used=1511Kb max_used=1564Kb free=4248Kb
 bounds [0x0000023b4b3f0000, 0x0000023b4b660000, 0x0000023b4b990000]
 total_blobs=2913 nmethods=2018 adapters=807
 compilation: enabled
              stopped_count=0, restarted_count=0
 full_count=0

Compilation events (20 events):
Event: 64.251 Thread 0x0000023b6698e070 2009       3       java.util.concurrent.locks.LockSupport::setBlocker (12 bytes)
Event: 64.251 Thread 0x0000023b6698e070 nmethod 2009 0x0000023b4bd06e10 code [0x0000023b4bd06fc0, 0x0000023b4bd071c8]
Event: 64.251 Thread 0x0000023b6698e070 2010       3       com.sun.java.swing.plaf.windows.XPStyle$Skin::<init> (69 bytes)
Event: 64.257 Thread 0x0000023b6698e070 nmethod 2010 0x0000023b4bd07290 code [0x0000023b4bd07880, 0x0000023b4bd0b3f8]
Event: 64.287 Thread 0x0000023b6698e070 2011       1       javax.swing.AbstractButton::getDisplayedMnemonicIndex (5 bytes)
Event: 64.287 Thread 0x0000023b6698e070 nmethod 2011 0x0000023b52f89690 code [0x0000023b52f89820, 0x0000023b52f898f8]
Event: 64.629 Thread 0x0000023b6698c810 2012       4       sun.java2d.pipe.Region::clipRound (34 bytes)
Event: 64.630 Thread 0x0000023b6698c810 nmethod 2012 0x0000023b52f89990 code [0x0000023b52f89b40, 0x0000023b52f89c38]
Event: 64.753 Thread 0x0000023b6698c810 2013       4       sun.awt.image.SunVolatileImage::getWidth (5 bytes)
Event: 64.753 Thread 0x0000023b6698c810 nmethod 2013 0x0000023b52f89d10 code [0x0000023b52f89e80, 0x0000023b52f89ef8]
Event: 64.753 Thread 0x0000023b6698c810 2014       4       sun.awt.image.SunVolatileImage::getHeight (5 bytes)
Event: 64.753 Thread 0x0000023b6698c810 nmethod 2014 0x0000023b52f8a010 code [0x0000023b52f8a180, 0x0000023b52f8a1f8]
Event: 65.094 Thread 0x0000023b6698e070 2015       3       java.awt.KeyboardFocusManager::checkKFMSecurity (11 bytes)
Event: 65.094 Thread 0x0000023b6698e070 nmethod 2015 0x0000023b4bd0c690 code [0x0000023b4bd0c860, 0x0000023b4bd0cb98]
Event: 65.228 Thread 0x0000023b6698c810 2016       4       javax.swing.JComponent::contains (27 bytes)
Event: 65.228 Thread 0x0000023b6698c810 nmethod 2016 0x0000023b52f8a310 code [0x0000023b52f8a480, 0x0000023b52f8a558]
Event: 65.325 Thread 0x0000023b6698c810 2017       4       java.security.AccessController::getContext (23 bytes)
Event: 65.327 Thread 0x0000023b6698c810 nmethod 2017 0x0000023b52f8a610 code [0x0000023b52f8a7e0, 0x0000023b52f8aaf0]
Event: 65.761 Thread 0x0000023b6698c810 2018       4       java.awt.Rectangle::setBounds (21 bytes)
Event: 65.762 Thread 0x0000023b6698c810 nmethod 2018 0x0000023b52f8af10 code [0x0000023b52f8b080, 0x0000023b52f8b138]

GC Heap History (10 events):
Event: 5.531 GC heap before
{Heap before GC invocations=0 (full 0):
 garbage-first heap   total 256000K, used 22528K [0x0000000707000000, 0x0000000800000000)
  region size 2048K, 11 young (22528K), 0 survivors (0K)
 Metaspace       used 10438K, committed 10688K, reserved 1114112K
  class space    used 1126K, committed 1280K, reserved 1048576K
}
Event: 5.535 GC heap after
{Heap after GC invocations=1 (full 0):
 garbage-first heap   total 256000K, used 6204K [0x0000000707000000, 0x0000000800000000)
  region size 2048K, 2 young (4096K), 2 survivors (4096K)
 Metaspace       used 10438K, committed 10688K, reserved 1114112K
  class space    used 1126K, committed 1280K, reserved 1048576K
}
Event: 7.871 GC heap before
{Heap before GC invocations=1 (full 0):
 garbage-first heap   total 256000K, used 36924K [0x0000000707000000, 0x0000000800000000)
  region size 2048K, 18 young (36864K), 2 survivors (4096K)
 Metaspace       used 10605K, committed 10880K, reserved 1114112K
  class space    used 1126K, committed 1280K, reserved 1048576K
}
Event: 7.874 GC heap after
{Heap after GC invocations=2 (full 0):
 garbage-first heap   total 256000K, used 5996K [0x0000000707000000, 0x0000000800000000)
  region size 2048K, 1 young (2048K), 1 survivors (2048K)
 Metaspace       used 10605K, committed 10880K, reserved 1114112K
  class space    used 1126K, committed 1280K, reserved 1048576K
}
Event: 21.106 GC heap before
{Heap before GC invocations=2 (full 0):
 garbage-first heap   total 256000K, used 155500K [0x0000000707000000, 0x0000000800000000)
  region size 2048K, 75 young (153600K), 1 survivors (2048K)
 Metaspace       used 10998K, committed 11264K, reserved 1114112K
  class space    used 1142K, committed 1280K, reserved 1048576K
}
Event: 21.107 GC heap after
{Heap after GC invocations=3 (full 0):
 garbage-first heap   total 256000K, used 6384K [0x0000000707000000, 0x0000000800000000)
  region size 2048K, 1 young (2048K), 1 survivors (2048K)
 Metaspace       used 10998K, committed 11264K, reserved 1114112K
  class space    used 1142K, committed 1280K, reserved 1048576K
}
Event: 42.656 GC heap before
{Heap before GC invocations=3 (full 0):
 garbage-first heap   total 256000K, used 155888K [0x0000000707000000, 0x0000000800000000)
  region size 2048K, 75 young (153600K), 1 survivors (2048K)
 Metaspace       used 11023K, committed 11264K, reserved 1114112K
  class space    used 1142K, committed 1280K, reserved 1048576K
}
Event: 42.658 GC heap after
{Heap after GC invocations=4 (full 0):
 garbage-first heap   total 256000K, used 6322K [0x0000000707000000, 0x0000000800000000)
  region size 2048K, 1 young (2048K), 1 survivors (2048K)
 Metaspace       used 11023K, committed 11264K, reserved 1114112K
  class space    used 1142K, committed 1280K, reserved 1048576K
}
Event: 54.270 GC heap before
{Heap before GC invocations=4 (full 0):
 garbage-first heap   total 256000K, used 155826K [0x0000000707000000, 0x0000000800000000)
  region size 2048K, 75 young (153600K), 1 survivors (2048K)
 Metaspace       used 11023K, committed 11264K, reserved 1114112K
  class space    used 1142K, committed 1280K, reserved 1048576K
}
Event: 54.271 GC heap after
{Heap after GC invocations=5 (full 0):
 garbage-first heap   total 256000K, used 6093K [0x0000000707000000, 0x0000000800000000)
  region size 2048K, 1 young (2048K), 1 survivors (2048K)
 Metaspace       used 11023K, committed 11264K, reserved 1114112K
  class space    used 1142K, committed 1280K, reserved 1048576K
}

Deoptimization events (20 events):
Event: 32.601 Thread 0x0000023b6bb222a0 Uncommon trap: trap_request=0xffffffd6 fr.pc=0x0000023b52f5c758 relative=0x0000000000000b58
Event: 32.601 Thread 0x0000023b6bb222a0 Uncommon trap: reason=array_check action=maybe_recompile pc=0x0000023b52f5c758 method=java.util.TimSort.binarySort([Ljava/lang/Object;IIILjava/util/Comparator;)V @ 193 c2
Event: 32.601 Thread 0x0000023b6bb222a0 DEOPT PACKING pc=0x0000023b52f5c758 sp=0x0000005e18cfe010
Event: 32.601 Thread 0x0000023b6bb222a0 DEOPT UNPACKING pc=0x0000023b4b4423a3 sp=0x0000005e18cfdfb8 mode 2
Event: 45.603 Thread 0x0000023b6bb222a0 Uncommon trap: trap_request=0xffffffbe fr.pc=0x0000023b52f70930 relative=0x0000000000005830
Event: 45.603 Thread 0x0000023b6bb222a0 Uncommon trap: reason=profile_predicate action=maybe_recompile pc=0x0000023b52f70930 method=java.awt.geom.Area.pathToCurves(Ljava/awt/geom/PathIterator;)Ljava/util/Vector; @ 38 c2
Event: 45.603 Thread 0x0000023b6bb222a0 DEOPT PACKING pc=0x0000023b52f70930 sp=0x0000005e18cfe1c0
Event: 45.603 Thread 0x0000023b6bb222a0 DEOPT UNPACKING pc=0x0000023b4b4423a3 sp=0x0000005e18cfe188 mode 2
Event: 45.631 Thread 0x0000023b6bb222a0 Uncommon trap: trap_request=0xffffffbe fr.pc=0x0000023b52f70930 relative=0x0000000000005830
Event: 45.631 Thread 0x0000023b6bb222a0 Uncommon trap: reason=profile_predicate action=maybe_recompile pc=0x0000023b52f70930 method=java.awt.geom.Area.pathToCurves(Ljava/awt/geom/PathIterator;)Ljava/util/Vector; @ 38 c2
Event: 45.631 Thread 0x0000023b6bb222a0 DEOPT PACKING pc=0x0000023b52f70930 sp=0x0000005e18cfe1c0
Event: 45.631 Thread 0x0000023b6bb222a0 DEOPT UNPACKING pc=0x0000023b4b4423a3 sp=0x0000005e18cfe188 mode 2
Event: 45.664 Thread 0x0000023b6bb222a0 Uncommon trap: trap_request=0xffffffbe fr.pc=0x0000023b52f70930 relative=0x0000000000005830
Event: 45.664 Thread 0x0000023b6bb222a0 Uncommon trap: reason=profile_predicate action=maybe_recompile pc=0x0000023b52f70930 method=java.awt.geom.Area.pathToCurves(Ljava/awt/geom/PathIterator;)Ljava/util/Vector; @ 38 c2
Event: 45.664 Thread 0x0000023b6bb222a0 DEOPT PACKING pc=0x0000023b52f70930 sp=0x0000005e18cfe1c0
Event: 45.664 Thread 0x0000023b6bb222a0 DEOPT UNPACKING pc=0x0000023b4b4423a3 sp=0x0000005e18cfe188 mode 2
Event: 45.694 Thread 0x0000023b6bb222a0 Uncommon trap: trap_request=0xffffffbe fr.pc=0x0000023b52f70930 relative=0x0000000000005830
Event: 45.694 Thread 0x0000023b6bb222a0 Uncommon trap: reason=profile_predicate action=maybe_recompile pc=0x0000023b52f70930 method=java.awt.geom.Area.pathToCurves(Ljava/awt/geom/PathIterator;)Ljava/util/Vector; @ 38 c2
Event: 45.694 Thread 0x0000023b6bb222a0 DEOPT PACKING pc=0x0000023b52f70930 sp=0x0000005e18cfe1c0
Event: 45.694 Thread 0x0000023b6bb222a0 DEOPT UNPACKING pc=0x0000023b4b4423a3 sp=0x0000005e18cfe188 mode 2

Classes loaded (20 events):
Event: 4.791 Loading class sun/awt/geom/AreaOp$CAGOp done
Event: 4.791 Loading class sun/awt/geom/AreaOp$IntOp done
Event: 12.502 Loading class sun/awt/DebugSettings
Event: 12.502 Loading class sun/awt/DebugSettings done
Event: 12.503 Loading class javax/swing/JComponent$KeyboardState
Event: 12.503 Loading class javax/swing/JComponent$KeyboardState done
Event: 12.503 Loading class javax/swing/JComponent$IntVector
Event: 12.503 Loading class javax/swing/JComponent$IntVector done
Event: 12.503 Loading class javax/swing/JInternalFrame
Event: 12.504 Loading class javax/swing/JInternalFrame done
Event: 12.504 Loading class javax/swing/KeyboardManager
Event: 12.504 Loading class javax/swing/KeyboardManager done
Event: 12.504 Loading class javax/swing/Popup$HeavyWeightWindow
Event: 12.504 Loading class sun/awt/ModalExclude
Event: 12.504 Loading class sun/awt/ModalExclude done
Event: 12.504 Loading class javax/swing/JWindow
Event: 12.505 Loading class javax/swing/JWindow done
Event: 12.505 Loading class javax/swing/Popup$HeavyWeightWindow done
Event: 17.111 Loading class javax/swing/JToggleButton$1
Event: 17.111 Loading class javax/swing/JToggleButton$1 done

Classes unloaded (0 events):
No events

Classes redefined (0 events):
No events

Internal exceptions (20 events):
Event: 0.096 Thread 0x0000023b43ab8940 Exception <a 'java/lang/NoSuchMethodError'{0x000000071663a088}: 'java.lang.Object java.lang.invoke.Invokers$Holder.invokeExact_MT(java.lang.Object, java.lang.Object, java.lang.Object, java.lang.Object, java.lang.Object)'> (0x000000071663a088) 
thrown [s\open\src\hotspot\share\interpreter\linkResolver.cpp, line 759]
Event: 0.111 Thread 0x0000023b6ad373f0 Exception <a 'java/lang/NoSuchMethodError'{0x0000000716677de8}: 'void java.lang.invoke.DirectMethodHandle$Holder.invokeStatic(java.lang.Object, java.lang.Object)'> (0x0000000716677de8) 
thrown [s\open\src\hotspot\share\interpreter\linkResolver.cpp, line 759]
Event: 0.121 Thread 0x0000023b43ab8940 Exception <a 'java/lang/ClassNotFoundException'{0x000000071665e0b8}: sun/awt/resources/spi/awtProvider> (0x000000071665e0b8) 
thrown [s\open\src\hotspot\share\classfile\systemDictionary.cpp, line 255]
Event: 0.141 Thread 0x0000023b43ab8940 Exception <a 'java/io/FileNotFoundException'{0x000000071671fd40}> (0x000000071671fd40) 
thrown [s\open\src\hotspot\share\prims\jni.cpp, line 516]
Event: 0.149 Thread 0x0000023b43ab8940 Exception <a 'java/io/FileNotFoundException'{0x000000071674cb10}> (0x000000071674cb10) 
thrown [s\open\src\hotspot\share\prims\jni.cpp, line 516]
Event: 0.192 Thread 0x0000023b43ab8940 Exception <a 'java/lang/NoSuchMethodError'{0x00000007167ca7e8}: 'java.lang.Object java.lang.invoke.DirectMethodHandle$Holder.invokeStaticInit(java.lang.Object)'> (0x00000007167ca7e8) 
thrown [s\open\src\hotspot\share\interpreter\linkResolver.cpp, line 759]
Event: 0.215 Thread 0x0000023b43ab8940 Exception <a 'java/lang/NoSuchMethodError'{0x0000000716485000}: 'void java.lang.invoke.DirectMethodHandle$Holder.invokeSpecial(java.lang.Object, java.lang.Object, java.lang.Object)'> (0x0000000716485000) 
thrown [s\open\src\hotspot\share\interpreter\linkResolver.cpp, line 759]
Event: 0.222 Thread 0x0000023b43ab8940 Exception <a 'java/lang/NoSuchMethodError'{0x00000007164af980}: 'java.lang.Object java.lang.invoke.DirectMethodHandle$Holder.newInvokeSpecial(java.lang.Object, java.lang.Object, java.lang.Object, java.lang.Object, java.lang.Object)'> (0x00000007164af980) 
thrown [s\open\src\hotspot\share\interpreter\linkResolver.cpp, line 759]
Event: 0.227 Thread 0x0000023b43ab8940 Exception <a 'java/lang/NoSuchMethodError'{0x00000007164e1290}: 'java.lang.Object java.lang.invoke.DirectMethodHandle$Holder.invokeStatic(java.lang.Object, int, java.lang.Object)'> (0x00000007164e1290) 
thrown [s\open\src\hotspot\share\interpreter\linkResolver.cpp, line 759]
Event: 0.249 Thread 0x0000023b43ab8940 Exception <a 'java/lang/ClassNotFoundException'{0x000000071659e638}: com/sun/swing/internal/plaf/metal/resources/spi/metalProvider> (0x000000071659e638) 
thrown [s\open\src\hotspot\share\classfile\systemDictionary.cpp, line 255]
Event: 0.249 Thread 0x0000023b43ab8940 Exception <a 'java/lang/ClassNotFoundException'{0x00000007165a2670}: com/sun/swing/internal/plaf/basic/resources/spi/basicProvider> (0x00000007165a2670) 
thrown [s\open\src\hotspot\share\classfile\systemDictionary.cpp, line 255]
Event: 0.256 Thread 0x0000023b43ab8940 Exception <a 'java/lang/NoSuchMethodError'{0x00000007165bf600}: 'int java.lang.invoke.Invokers$Holder.invokeExact_MT(java.lang.Object, java.lang.Object)'> (0x00000007165bf600) 
thrown [s\open\src\hotspot\share\interpreter\linkResolver.cpp, line 759]
Event: 0.264 Thread 0x0000023b43ab8940 Exception <a 'java/lang/NoSuchMethodError'{0x00000007165dd8a8}: 'java.lang.Object java.lang.invoke.DirectMethodHandle$Holder.newInvokeSpecial(java.lang.Object, java.lang.Object, java.lang.Object, java.lang.Object, java.lang.Object, java.lang.Object)'> (0x00000007165dd8a8) 
thrown [s\open\src\hotspot\share\interpreter\linkResolver.cpp, line 759]
Event: 0.265 Thread 0x0000023b43ab8940 Exception <a 'java/lang/NoSuchMethodError'{0x00000007165ebe40}: 'java.lang.Object java.lang.invoke.DirectMethodHandle$Holder.newInvokeSpecial(java.lang.Object, java.lang.Object, java.lang.Object, java.lang.Object, java.lang.Object, java.lang.Object, java.lang.Object, java.lang.Object)'> (0x00000007165ebe40) 
thrown [s\open\src\hotspot\share\interpreter\linkResolver.cpp, line 759]
Event: 0.265 Thread 0x0000023b43ab8940 Exception <a 'java/lang/NoSuchMethodError'{0x00000007165f0a30}: 'java.lang.Object java.lang.invoke.DirectMethodHandle$Holder.invokeSpecial(java.lang.Object, java.lang.Object, java.lang.Object, java.lang.Object, java.lang.Object, java.lang.Object, java.lang.Object, java.lang.Object, java.lang.Object)'> (0x00000007165f0a30) 
thrown [s\open\src\hotspot\share\interpreter\linkResolver.cpp, line 759]
Event: 0.266 Thread 0x0000023b43ab8940 Exception <a 'java/lang/NoSuchMethodError'{0x00000007165f4b58}: 'java.lang.Object java.lang.invoke.Invokers$Holder.linkToTargetMethod(java.lang.Object, java.lang.Object, java.lang.Object, java.lang.Object, java.lang.Object, java.lang.Object, java.lang.Object, java.lang.Object)'> (0x00000007165f4b58) 
thrown [s\open\src\hotspot\share\interpreter\linkResolver.cpp, line 759]
Event: 0.281 Thread 0x0000023b43ab8940 Exception <a 'java/lang/NoSuchMethodError'{0x000000071628f0f0}: 'void java.lang.invoke.DirectMethodHandle$Holder.invokeStaticInit(java.lang.Object)'> (0x000000071628f0f0) 
thrown [s\open\src\hotspot\share\interpreter\linkResolver.cpp, line 759]
Event: 0.340 Thread 0x0000023b6af65600 Exception <a 'java/lang/NoSuchMethodError'{0x00000007164107e8}: 'void java.lang.invoke.DirectMethodHandle$Holder.invokeVirtual(java.lang.Object, java.lang.Object)'> (0x00000007164107e8) 
thrown [s\open\src\hotspot\share\interpreter\linkResolver.cpp, line 759]
Event: 0.373 Thread 0x0000023b43ab8940 Exception <a 'java/lang/ClassNotFoundException'{0x00000007163687b8}: com/sun/java/swing/plaf/windows/resources/spi/windowsProvider> (0x00000007163687b8) 
thrown [s\open\src\hotspot\share\classfile\systemDictionary.cpp, line 255]
Event: 1.108 Thread 0x0000023b6698a6c0 Exception <a 'java/lang/NoSuchMethodError'{0x00000007161ec8f8}: 'java.lang.Object java.lang.invoke.Invokers$Holder.invokeExact_MT(java.lang.Object, java.lang.Object, java.lang.Object, java.lang.Object, java.lang.Object, java.lang.Object)'> (0x00000007161ec8f8) 
thrown [s\open\src\hotspot\share\interpreter\linkResolver.cpp, line 759]

VM Operations (20 events):
Event: 42.658 Executing VM operation: G1CollectForAllocation done
Event: 44.658 Executing VM operation: Cleanup
Event: 44.658 Executing VM operation: Cleanup done
Event: 46.659 Executing VM operation: Cleanup
Event: 46.660 Executing VM operation: Cleanup done
Event: 50.661 Executing VM operation: Cleanup
Event: 50.662 Executing VM operation: Cleanup done
Event: 51.662 Executing VM operation: Cleanup
Event: 51.663 Executing VM operation: Cleanup done
Event: 54.270 Executing VM operation: G1CollectForAllocation
Event: 54.271 Executing VM operation: G1CollectForAllocation done
Event: 55.272 Executing VM operation: Cleanup
Event: 55.272 Executing VM operation: Cleanup done
Event: 59.273 Executing VM operation: Cleanup
Event: 59.274 Executing VM operation: Cleanup done
Event: 62.275 Executing VM operation: Cleanup
Event: 62.275 Executing VM operation: Cleanup done
Event: 64.275 Executing VM operation: Cleanup
Event: 64.276 Executing VM operation: Cleanup done
Event: 66.038 Executing VM operation: Exit

Events (20 events):
Event: 0.116 Loaded shared library C:\Program Files\Java\jdk-18.0.2\bin\jimage.dll
Event: 0.128 Loaded shared library C:\Program Files\Java\jdk-18.0.2\bin\awt.dll
Event: 0.168 Loaded shared library C:\opencv\build\java\x64\opencv_java490.dll
Event: 0.192 Thread 0x0000023b6af236d0 Thread added: 0x0000023b6af236d0
Event: 0.193 Thread 0x0000023b6af61e30 Thread added: 0x0000023b6af61e30
Event: 0.194 Thread 0x0000023b6af65600 Thread added: 0x0000023b6af65600
Event: 0.272 Thread 0x0000023b6bb222a0 Thread added: 0x0000023b6bb222a0
Event: 0.286 Loaded shared library C:\Program Files\Java\jdk-18.0.2\bin\freetype.dll
Event: 0.287 Loaded shared library C:\Program Files\Java\jdk-18.0.2\bin\fontmanager.dll
Event: 0.474 Thread 0x0000023b6bc19820 Thread added: 0x0000023b6bc19820
Event: 0.475 Thread 0x0000023b43ab8940 Thread exited: 0x0000023b43ab8940
Event: 0.475 Thread 0x0000023b43ab8940 Thread added: 0x0000023b43ab8940
Event: 0.502 Thread 0x0000023b6bc76e00 Thread added: 0x0000023b6bc76e00
Event: 4.350 Thread 0x0000023b6beb1fa0 Thread added: 0x0000023b6beb1fa0
Event: 4.350 Thread 0x0000023b6bc19820 Thread exited: 0x0000023b6bc19820
Event: 65.936 Thread 0x0000023b6beb0790 Thread added: 0x0000023b6beb0790
Event: 65.936 Thread 0x0000023b6beb2940 Thread added: 0x0000023b6beb2940
Event: 65.937 Thread 0x0000023b6beb0790 Thread exited: 0x0000023b6beb0790
Event: 65.953 Thread 0x0000023b6af65600 Thread exited: 0x0000023b6af65600
Event: 66.038 Thread 0x0000023b6beb2940 Thread exited: 0x0000023b6beb2940


Dynamic libraries:
0x00007ff6c1210000 - 0x00007ff6c121e000 	C:\Program Files\Java\jdk-18.0.2\bin\java.exe
0x00007ffce7050000 - 0x00007ffce7248000 	C:\Windows\SYSTEM32\ntdll.dll
0x00007ffce6400000 - 0x00007ffce64bd000 	C:\Windows\System32\KERNEL32.DLL
0x00007ffce4700000 - 0x00007ffce49f6000 	C:\Windows\System32\KERNELBASE.dll
0x00007ffce4f80000 - 0x00007ffce5080000 	C:\Windows\System32\ucrtbase.dll
0x00007ffcc7410000 - 0x00007ffcc7427000 	C:\Program Files\Java\jdk-18.0.2\bin\jli.dll
0x00007ffcc7430000 - 0x00007ffcc744a000 	C:\Program Files\Java\jdk-18.0.2\bin\VCRUNTIME140.dll
0x00007ffce6840000 - 0x00007ffce69df000 	C:\Windows\System32\USER32.dll
0x00007ffce4ea0000 - 0x00007ffce4ec2000 	C:\Windows\System32\win32u.dll
0x00007ffccb7f0000 - 0x00007ffccba8a000 	C:\Windows\WinSxS\amd64_microsoft.windows.common-controls_6595b64144ccf1df_6.0.19041.3636_none_60b6a03d71f818d5\COMCTL32.dll
0x00007ffce5160000 - 0x00007ffce518b000 	C:\Windows\System32\GDI32.dll
0x00007ffce6da0000 - 0x00007ffce6e3e000 	C:\Windows\System32\msvcrt.dll
0x00007ffce4d50000 - 0x00007ffce4e67000 	C:\Windows\System32\gdi32full.dll
0x00007ffce4b60000 - 0x00007ffce4bfd000 	C:\Windows\System32\msvcp_win.dll
0x00007ffce52c0000 - 0x00007ffce52f2000 	C:\Windows\System32\IMM32.DLL
0x00007ffcdb870000 - 0x00007ffcdb87c000 	C:\Program Files\Java\jdk-18.0.2\bin\vcruntime140_1.dll
0x00007ffcaaf60000 - 0x00007ffcaafed000 	C:\Program Files\Java\jdk-18.0.2\bin\msvcp140.dll
0x00007ffc9b300000 - 0x00007ffc9bf11000 	C:\Program Files\Java\jdk-18.0.2\bin\server\jvm.dll
0x00007ffce6590000 - 0x00007ffce6640000 	C:\Windows\System32\ADVAPI32.dll
0x00007ffce6770000 - 0x00007ffce6810000 	C:\Windows\System32\sechost.dll
0x00007ffce6640000 - 0x00007ffce6763000 	C:\Windows\System32\RPCRT4.dll
0x00007ffce4e70000 - 0x00007ffce4e97000 	C:\Windows\System32\bcrypt.dll
0x00007ffce6040000 - 0x00007ffce6048000 	C:\Windows\System32\PSAPI.DLL
0x00007ffcc0b70000 - 0x00007ffcc0b79000 	C:\Windows\SYSTEM32\WSOCK32.dll
0x00007ffcc8d50000 - 0x00007ffcc8d77000 	C:\Windows\SYSTEM32\WINMM.dll
0x00007ffcd55e0000 - 0x00007ffcd55ea000 	C:\Windows\SYSTEM32\VERSION.dll
0x00007ffce64c0000 - 0x00007ffce652b000 	C:\Windows\System32\WS2_32.dll
0x00007ffce2ee0000 - 0x00007ffce2ef2000 	C:\Windows\SYSTEM32\kernel.appcore.dll
0x00007ffcccbb0000 - 0x00007ffcccbba000 	C:\Program Files\Java\jdk-18.0.2\bin\jimage.dll
0x00007ffcdf360000 - 0x00007ffcdf544000 	C:\Windows\SYSTEM32\DBGHELP.DLL
0x00007ffcc8890000 - 0x00007ffcc88c4000 	C:\Windows\SYSTEM32\dbgcore.DLL
0x00007ffce4cc0000 - 0x00007ffce4d42000 	C:\Windows\System32\bcryptPrimitives.dll
0x00007ffcdbcc0000 - 0x00007ffcdbcce000 	C:\Program Files\Java\jdk-18.0.2\bin\instrument.dll
0x00007ffccb000000 - 0x00007ffccb025000 	C:\Program Files\Java\jdk-18.0.2\bin\java.dll
0x00007ffca82a0000 - 0x00007ffca8376000 	C:\Program Files\Java\jdk-18.0.2\bin\jsvml.dll
0x00007ffce5390000 - 0x00007ffce5afb000 	C:\Windows\System32\SHELL32.dll
0x00007ffcdeaf0000 - 0x00007ffcdf28e000 	C:\Windows\SYSTEM32\windows.storage.dll
0x00007ffce6a40000 - 0x00007ffce6d93000 	C:\Windows\System32\combase.dll
0x00007ffce4050000 - 0x00007ffce407e000 	C:\Windows\SYSTEM32\Wldp.dll
0x00007ffce5b00000 - 0x00007ffce5bcd000 	C:\Windows\System32\OLEAUT32.dll
0x00007ffce6f60000 - 0x00007ffce700d000 	C:\Windows\System32\SHCORE.dll
0x00007ffce5080000 - 0x00007ffce50d5000 	C:\Windows\System32\shlwapi.dll
0x00007ffce4630000 - 0x00007ffce4653000 	C:\Windows\SYSTEM32\profapi.dll
0x00007ffcc73f0000 - 0x00007ffcc7408000 	C:\Program Files\Java\jdk-18.0.2\bin\zip.dll
0x00007ffccba90000 - 0x00007ffccbaa3000 	C:\Program Files\Java\jdk-18.0.2\bin\net.dll
0x00007ffcde300000 - 0x00007ffcde40a000 	C:\Windows\SYSTEM32\WINHTTP.dll
0x00007ffce3e30000 - 0x00007ffce3e9a000 	C:\Windows\system32\mswsock.dll
0x00007ffcc7460000 - 0x00007ffcc7476000 	C:\Program Files\Java\jdk-18.0.2\bin\nio.dll
0x00007ffcc9560000 - 0x00007ffcc957a000 	C:\Program Files\JetBrains\IntelliJ IDEA Community Edition 2023.2.5\bin\breakgen64.dll
0x00007ffca4a40000 - 0x00007ffca4bce000 	C:\Program Files\Java\jdk-18.0.2\bin\awt.dll
0x00007ffcdd810000 - 0x00007ffcdd8a0000 	C:\Windows\SYSTEM32\apphelp.dll
0x00007ffc63b50000 - 0x00007ffc66e08000 	C:\opencv\build\java\x64\opencv_java490.dll
0x00007ffce5190000 - 0x00007ffce52bb000 	C:\Windows\System32\ole32.dll
0x00007ffcd8820000 - 0x00007ffcd89db000 	C:\Windows\SYSTEM32\MFPlat.DLL
0x00007ffcd9950000 - 0x00007ffcd99d4000 	C:\Windows\SYSTEM32\MF.dll
0x00007ffca15a0000 - 0x00007ffca16aa000 	C:\Windows\SYSTEM32\MFReadWrite.dll
0x00007ffce4c70000 - 0x00007ffce4cbe000 	C:\Windows\System32\cfgmgr32.dll
0x00007ffce2f50000 - 0x00007ffce3043000 	C:\Windows\SYSTEM32\dxgi.dll
0x00007ffcdc4e0000 - 0x00007ffcdc743000 	C:\Windows\SYSTEM32\d3d11.dll
0x00007ffcd9270000 - 0x00007ffcd96fe000 	C:\Windows\SYSTEM32\MFCORE.DLL
0x00007ffce4a00000 - 0x00007ffce4b5e000 	C:\Windows\System32\CRYPT32.dll
0x00007ffce3c40000 - 0x00007ffce3c8b000 	C:\Windows\SYSTEM32\powrprof.dll
0x00007ffcda5b0000 - 0x00007ffcda5b9000 	C:\Windows\SYSTEM32\ksuser.dll
0x00007ffce3fc0000 - 0x00007ffce3fcc000 	C:\Windows\SYSTEM32\CRYPTBASE.DLL
0x00007ffcd85e0000 - 0x00007ffcd8614000 	C:\Windows\SYSTEM32\RTWorkQ.DLL
0x00007ffce3ac0000 - 0x00007ffce3ad2000 	C:\Windows\SYSTEM32\UMPDC.dll
0x00007ffcde4f0000 - 0x00007ffcde51f000 	C:\Windows\system32\DWMAPI.DLL
0x00007ffcdd900000 - 0x00007ffcdd99e000 	C:\Windows\system32\uxtheme.dll
0x00007ffccb520000 - 0x00007ffccb645000 	C:\Windows\system32\opengl32.dll
0x00007ffcd4660000 - 0x00007ffcd468c000 	C:\Windows\SYSTEM32\GLU32.dll
0x00007ffce6e40000 - 0x00007ffce6f55000 	C:\Windows\System32\MSCTF.dll
0x00007ffcc8af0000 - 0x00007ffcc8b76000 	C:\Program Files\Java\jdk-18.0.2\bin\freetype.dll
0x00007ffcac680000 - 0x00007ffcac728000 	C:\Program Files\Java\jdk-18.0.2\bin\fontmanager.dll
0x00007ffcd4200000 - 0x00007ffcd42f9000 	C:\Windows\SYSTEM32\textinputframework.dll
0x00007ffcdd5e0000 - 0x00007ffcdd6d2000 	C:\Windows\System32\CoreMessaging.dll
0x00007ffcdcf00000 - 0x00007ffcdd25b000 	C:\Windows\System32\CoreUIComponents.dll
0x00007ffce3820000 - 0x00007ffce3853000 	C:\Windows\SYSTEM32\ntmarta.dll
0x00007ffcdbf20000 - 0x00007ffcdc077000 	C:\Windows\SYSTEM32\wintypes.dll
0x00007ffce6050000 - 0x00007ffce60f9000 	C:\Windows\System32\clbcatq.dll
0x00007ffcd99e0000 - 0x00007ffcd9b94000 	C:\Windows\SYSTEM32\WindowsCodecs.dll
0x00007ffcc9900000 - 0x00007ffcc993e000 	C:\Windows\system32\dataexchange.dll
0x00007ffcdcd10000 - 0x00007ffcdcef5000 	C:\Windows\system32\dcomp.dll
0x00007ffcd9060000 - 0x00007ffcd9263000 	C:\Windows\system32\twinapi.appcore.dll
0x00007ffcd4580000 - 0x00007ffcd45bb000 	C:\Windows\SYSTEM32\dxcore.dll
0x00007ffcd8a10000 - 0x00007ffcd8a47000 	C:\Windows\SYSTEM32\CompPkgSup.DLL
0x00007ffcaeec0000 - 0x00007ffcaf5e6000 	C:\Windows\System32\Windows.Media.dll
0x00007ffc87880000 - 0x00007ffc878ec000 	C:\Windows\System32\FrameServerClient.dll
0x00007ffca1a60000 - 0x00007ffca1ac7000 	C:\Windows\System32\MFSENSORGROUP.dll
0x00007ffcd7760000 - 0x00007ffcd7849000 	C:\Windows\System32\Windows.ApplicationModel.dll
0x00007ffcda730000 - 0x00007ffcda73a000 	C:\Windows\SYSTEM32\AVRT.dll
0x00007ffcd82a0000 - 0x00007ffcd83a3000 	C:\Windows\System32\AppXDeploymentClient.dll
0x00007ffcd3e80000 - 0x00007ffcd3e9d000 	C:\Windows\System32\devenum.dll
0x00007ffce5bd0000 - 0x00007ffce603e000 	C:\Windows\System32\setupapi.dll
0x00007ffce4490000 - 0x00007ffce44c3000 	C:\Windows\SYSTEM32\DEVOBJ.dll
0x00007ffce4c00000 - 0x00007ffce4c67000 	C:\Windows\System32\WINTRUST.dll
0x00007ffce42c0000 - 0x00007ffce42d2000 	C:\Windows\SYSTEM32\MSASN1.dll
0x00007ffcb74c0000 - 0x00007ffcb74cb000 	C:\Windows\SYSTEM32\msdmo.dll
0x00007ffcc81a0000 - 0x00007ffcc81d6000 	C:\Windows\System32\qcap.dll
0x00007ffca30e0000 - 0x00007ffca32b0000 	C:\Windows\System32\quartz.dll
0x00007ffcac960000 - 0x00007ffcac9ad000 	C:\Windows\System32\mfksproxy.dll
0x00007ffcc8090000 - 0x00007ffcc80ad000 	C:\Windows\System32\ATL.DLL
0x00007ffcdbce0000 - 0x00007ffcdbced000 	C:\Windows\System32\vidcap.ax
0x00007ffcdb980000 - 0x00007ffcdb9a7000 	C:\Windows\System32\kswdmcap.ax
0x00007ffc81e50000 - 0x00007ffc81fbc000 	C:\Windows\System32\MFC42.dll
0x00007ffca81f0000 - 0x00007ffca8298000 	C:\Windows\System32\qedit.dll
0x00007ffce6320000 - 0x00007ffce63fa000 	C:\Windows\System32\COMDLG32.dll
0x00007ffcc5760000 - 0x00007ffcc578b000 	C:\Windows\System32\MSVFW32.dll
0x00007ffcc5860000 - 0x00007ffcc5a07000 	C:\Windows\WinSxS\amd64_microsoft.windows.gdiplus_6595b64144ccf1df_1.1.19041.3996_none_91a79472cc852ba0\gdiplus.dll
0x00007ffcacb80000 - 0x00007ffcacc7b000 	C:\Windows\System32\DDRAW.dll
0x00007ffcd3190000 - 0x00007ffcd3199000 	C:\Windows\System32\DCIMAN32.dll
0x00007ffce4090000 - 0x00007ffce40a8000 	C:\Windows\SYSTEM32\CRYPTSP.dll
0x00007ffce3700000 - 0x00007ffce3734000 	C:\Windows\system32\rsaenh.dll

dbghelp: loaded successfully - version: 4.0.5 - missing functions: none
symbol engine: initialized successfully - sym options: 0x614 - pdb path: .;C:\Program Files\Java\jdk-18.0.2\bin;C:\Windows\SYSTEM32;C:\Windows\WinSxS\amd64_microsoft.windows.common-controls_6595b64144ccf1df_6.0.19041.3636_none_60b6a03d71f818d5;C:\Program Files\Java\jdk-18.0.2\bin\server;C:\Program Files\JetBrains\IntelliJ IDEA Community Edition 2023.2.5\bin;C:\opencv\build\java\x64;C:\Windows\WinSxS\amd64_microsoft.windows.gdiplus_6595b64144ccf1df_1.1.19041.3996_none_91a79472cc852ba0

VM Arguments:
jvm_args: -Djava.library.path=C:\opencv\build\java\x64 -javaagent:C:\Program Files\JetBrains\IntelliJ IDEA Community Edition 2023.2.5\lib\idea_rt.jar=58643:C:\Program Files\JetBrains\IntelliJ IDEA Community Edition 2023.2.5\bin -Dfile.encoding=UTF-8 -Dsun.stdout.encoding=UTF-8 -Dsun.stderr.encoding=UTF-8 
java_command: io.github.tkjonesy.App
java_class_path (initial): C:\Users\hunte\OneDrive\Documents\Surgical-Tool-Tracking-CV\target\classes;C:\opencv\build\java\opencv-490.jar
Launcher Type: SUN_STANDARD

[Global flags]
     intx CICompilerCount                          = 4                                         {product} {ergonomic}
     uint ConcGCThreads                            = 3                                         {product} {ergonomic}
     uint G1ConcRefinementThreads                  = 10                                        {product} {ergonomic}
   size_t G1HeapRegionSize                         = 2097152                                   {product} {ergonomic}
    uintx GCDrainStackTargetSize                   = 64                                        {product} {ergonomic}
   size_t InitialHeapSize                          = 262144000                                 {product} {ergonomic}
   size_t MarkStackSize                            = 4194304                                   {product} {ergonomic}
   size_t MaxHeapSize                              = 4177526784                                {product} {ergonomic}
   size_t MaxNewSize                               = 2506096640                                {product} {ergonomic}
   size_t MinHeapDeltaBytes                        = 2097152                                   {product} {ergonomic}
   size_t MinHeapSize                              = 8388608                                   {product} {ergonomic}
    uintx NonNMethodCodeHeapSize                   = 5839372                                {pd product} {ergonomic}
    uintx NonProfiledCodeHeapSize                  = 122909434                              {pd product} {ergonomic}
    uintx ProfiledCodeHeapSize                     = 122909434                              {pd product} {ergonomic}
    uintx ReservedCodeCacheSize                    = 251658240                              {pd product} {ergonomic}
     bool SegmentedCodeCache                       = true                                      {product} {ergonomic}
   size_t SoftMaxHeapSize                          = 4177526784                             {manageable} {ergonomic}
     bool UseCompressedClassPointers               = true                           {product lp64_product} {ergonomic}
     bool UseCompressedOops                        = true                           {product lp64_product} {ergonomic}
     bool UseG1GC                                  = true                                      {product} {ergonomic}
     bool UseLargePagesIndividualAllocation        = false                                  {pd product} {ergonomic}

Logging:
Log output configuration:
 #0: stdout all=off uptime,level,tags foldmultilines=false
 #1: stderr all=off uptime,level,tags foldmultilines=false

Environment Variables:
PATH=C:\Program Files (x86)\Common Files\Intel\Shared Libraries\redist\intel64\compiler;C:\Program Files\Common Files\Oracle\Java\javapath;C:\Windows\system32;C:\Windows;C:\Windows\System32\Wbem;C:\Windows\System32\WindowsPowerShell\v1.0\;C:\Windows\System32\OpenSSH\;C:\Program Files\Pandoc\;C:\Program Files\Git\cmd;C:\Program Files\Intel\WiFi\bin\;C:\Program Files\Common Files\Intel\WirelessCommon\;C:\Program Files\Microsoft SQL Server\150\Tools\Binn\;C:\Program Files\Microsoft SQL Server\Client SDK\ODBC\170\Tools\Binn\;C:\Program Files\dotnet\;C:\Program Files (x86)\Windows Kits\10\Windows Performance Toolkit\;C:\Program Files\nodejs\;C:\ProgramData\chocolatey\bin;C:\Users\hunte\AppData\Local\Microsoft\WindowsApps;C:\Users\hunte\AppData\Local\Programs\Microsoft VS Code\bin;C:\ghcup\bin;C:\msys64\mingw64\bin;C:\Program Files\Pandoc;C:\Program Files\Java\jdk-20\bin;C:\Users\hunte\AppData\Local\Programs\MiKTeX\miktex\bin\x64\;C:\Users\hunte\.dotnet\tools;C:\Users\hunte\AppData\Local\Microsoft\WinGet\Packages\Gyan.FFmpeg_Microsoft.Winget.Source_8wekyb3d8bbwe\ffmpeg-6.0-full_build\bin;C:\Program Files\CMake\bin;C:\Users\hunte\AppData\Roaming\npm;C:\Program Files\JetBrains\PyCharm 2024.2.3\bin;
USERNAME=hunte
OS=Windows_NT
PROCESSOR_IDENTIFIER=Intel64 Family 6 Model 158 Stepping 10, GenuineIntel



---------------  S Y S T E M  ---------------

OS:
 Windows 10 , 64 bit Build 19041 (10.0.19041.3636)
OS uptime: 10 days 8:42 hours
Hyper-V role detected

CPU: total 12 (initial active 12) (6 cores per cpu, 2 threads per core) family 6 model 158 stepping 10 microcode 0xf0, cx8, cmov, fxsr, ht, mmx, 3dnowpref, sse, sse2, sse3, ssse3, sse4.1, sse4.2, popcnt, lzcnt, tsc, tscinvbit, avx, avx2, aes, erms, clmul, bmi1, bmi2, adx, fma, vzeroupper, clflush, clflushopt, hv

Memory: 4k page, system-wide physical 15930M (6934M free)
TotalPageFile size 18874M (AvailPageFile size 6800M)
current process WorkingSet (physical memory assigned to process): 235M, peak: 244M
current process commit charge ("private bytes"): 384M, peak: 400M

vm_info: OpenJDK 64-Bit Server VM (18.0.2+9-61) for windows-amd64 JRE (18.0.2+9-61), built on Jun  7 2022 13:05:59 by "mach5one" with MS VC++ 16.8 / 16.9 (VS2019)

END.
